---
FEED '\x1b[?2026;2$y\x1b[?2048;2$y'
character='\x1b'
sequence='\x1b['
sequence='\x1b[?'
sequence='\x1b[?2'
sequence='\x1b[?20'
sequence='\x1b[?202'
sequence='\x1b[?2026'
sequence='\x1b[?2026;'
sequence='\x1b[?2026;2'
sequence='\x1b[?2026;2$'
sequence='\x1b[?2026;2$y'
TerminalSupportsSynchronizedOutput()
character='\x1b'
sequence='\x1b['
sequence='\x1b[?'
sequence='\x1b[?2'
sequence='\x1b[?20'
sequence='\x1b[?204'
sequence='\x1b[?2048'
sequence='\x1b[?2048;'
sequence='\x1b[?2048;2'
sequence='\x1b[?2048;2$'
sequence='\x1b[?2048;2$y'
InBandWindowResize(supported=True, enabled=False)
FEED '\x1b[48;38;86;988;946t'
character='\x1b'
sequence='\x1b['
sequence='\x1b[4'
sequence='\x1b[48'
sequence='\x1b[48;'
sequence='\x1b[48;3'
sequence='\x1b[48;38'
sequence='\x1b[48;38;'
sequence='\x1b[48;38;8'
sequence='\x1b[48;38;86'
sequence='\x1b[48;38;86;'
sequence='\x1b[48;38;86;9'
sequence='\x1b[48;38;86;98'
sequence='\x1b[48;38;86;988'
sequence='\x1b[48;38;86;988;'
sequence='\x1b[48;38;86;988;9'
sequence='\x1b[48;38;86;988;94'
sequence='\x1b[48;38;86;988;946'
sequence='\x1b[48;38;86;988;946t'
Resize(size=Size(width=86, height=38), pixel_size=Size(width=946, height=988))
FEED '\x1b[115;5u'
character='\x1b'
sequence='\x1b['
sequence='\x1b[1'
sequence='\x1b[11'
sequence='\x1b[115'
sequence='\x1b[115;'
sequence='\x1b[115;5'
sequence='\x1b[115;5u'
Key(key='ctrl+s', character=None, name='ctrl_s', is_printable=False)
FEED '\x1b[B'
character='\x1b'
sequence='\x1b['
sequence='\x1b[B'
Key(key='down', character=None, name='down', is_printable=False)
FEED '\x1b[B'
character='\x1b'
sequence='\x1b['
sequence='\x1b[B'
Key(key='down', character=None, name='down', is_printable=False)
FEED '\x1b[115;3u'
character='\x1b'
sequence='\x1b['
sequence='\x1b[1'
sequence='\x1b[11'
sequence='\x1b[115'
sequence='\x1b[115;'
sequence='\x1b[115;3'
sequence='\x1b[115;3u'
Key(key='alt+s', character=None, name='alt_s', is_printable=False)
FEED '\x1b[B'
character='\x1b'
sequence='\x1b['
sequence='\x1b[B'
Key(key='down', character=None, name='down', is_printable=False)
FEED '\x1b[B'
character='\x1b'
sequence='\x1b['
sequence='\x1b[B'
Key(key='down', character=None, name='down', is_printable=False)
FEED '\x1b[B'
character='\x1b'
sequence='\x1b['
sequence='\x1b[B'
Key(key='down', character=None, name='down', is_printable=False)
FEED '\r'
character='\r'
Key(key='enter', character='\r', name='enter', is_printable=False, aliases=['enter', 'ctrl+m'])
FEED '\x1b[B'
character='\x1b'
sequence='\x1b['
sequence='\x1b[B'
Key(key='down', character=None, name='down', is_printable=False)
FEED '\x1b[B'
character='\x1b'
sequence='\x1b['
sequence='\x1b[B'
Key(key='down', character=None, name='down', is_printable=False)
FEED '\x1b[B'
character='\x1b'
sequence='\x1b['
sequence='\x1b[B'
Key(key='down', character=None, name='down', is_printable=False)
FEED '\r'
character='\r'
Key(key='enter', character='\r', name='enter', is_printable=False, aliases=['enter', 'ctrl+m'])
FEED '\x1b[B'
character='\x1b'
sequence='\x1b['
sequence='\x1b[B'
Key(key='down', character=None, name='down', is_printable=False)
FEED '\x1b[<35;374;782M'
character='\x1b'
sequence='\x1b['
sequence='\x1b[<'
sequence='\x1b[<3'
sequence='\x1b[<35'
sequence='\x1b[<35;'
sequence='\x1b[<35;3'
sequence='\x1b[<35;37'
sequence='\x1b[<35;374'
sequence='\x1b[<35;374;'
sequence='\x1b[<35;374;7'
sequence='\x1b[<35;374;78'
sequence='\x1b[<35;374;782'
sequence='\x1b[<35;374;782M'
MouseMove(None, x=33, y=30, pointer_x=33.90909090909091, pointer_y=30.03846153846154, delta_x=33, delta_y=30)
FEED '\x1b[<35;379;770M'
character='\x1b'
sequence='\x1b['
sequence='\x1b[<'
sequence='\x1b[<3'
sequence='\x1b[<35'
sequence='\x1b[<35;'
sequence='\x1b[<35;3'
sequence='\x1b[<35;37'
sequence='\x1b[<35;379'
sequence='\x1b[<35;379;'
sequence='\x1b[<35;379;7'
sequence='\x1b[<35;379;77'
sequence='\x1b[<35;379;770'
sequence='\x1b[<35;379;770M'
MouseMove(None, x=34, y=29, pointer_x=34.36363636363637, pointer_y=29.576923076923077, delta_x=1, delta_y=-1)
FEED '\x1b[<35;397;737M'
character='\x1b'
sequence='\x1b['
sequence='\x1b[<'
sequence='\x1b[<3'
sequence='\x1b[<35'
sequence='\x1b[<35;'
sequence='\x1b[<35;3'
sequence='\x1b[<35;39'
sequence='\x1b[<35;397'
sequence='\x1b[<35;397;'
sequence='\x1b[<35;397;7'
sequence='\x1b[<35;397;73'
sequence='\x1b[<35;397;737'
sequence='\x1b[<35;397;737M'
MouseMove(None, x=36, y=28, pointer_x=36.0, pointer_y=28.307692307692307, delta_x=2, delta_y=-1)
FEED '\x1b[<35;423;685M'
character='\x1b'
sequence='\x1b['
sequence='\x1b[<'
sequence='\x1b[<3'
sequence='\x1b[<35'
sequence='\x1b[<35;'
sequence='\x1b[<35;4'
sequence='\x1b[<35;42'
sequence='\x1b[<35;423'
sequence='\x1b[<35;423;'
sequence='\x1b[<35;423;6'
sequence='\x1b[<35;423;68'
sequence='\x1b[<35;423;685'
sequence='\x1b[<35;423;685M'
MouseMove(None, x=38, y=26, pointer_x=38.36363636363637, pointer_y=26.307692307692307, delta_x=2, delta_y=-2)
FEED '\x1b[<35;448;636M'
character='\x1b'
sequence='\x1b['
sequence='\x1b[<'
sequence='\x1b[<3'
sequence='\x1b[<35'
sequence='\x1b[<35;'
sequence='\x1b[<35;4'
sequence='\x1b[<35;44'
sequence='\x1b[<35;448'
sequence='\x1b[<35;448;'
sequence='\x1b[<35;448;6'
sequence='\x1b[<35;448;63'
sequence='\x1b[<35;448;636'
sequence='\x1b[<35;448;636M'
MouseMove(None, x=40, y=24, pointer_x=40.63636363636363, pointer_y=24.423076923076923, delta_x=2, delta_y=-2)
FEED '\x1b[<35;470;593M\x1b[<35;484;562M\x1b[<35;492;545M\x1b[<35;497;531M\x1b[<35;501;518M\x1b[<35;504;508M\x1b[<35;506;500M\x1b[<35;509;492M\x1b[<35;511;485M\x1b[<35;513;481M\x1b[<35;515;479M\x1b[<35;516;477M'
character='\x1b'
sequence='\x1b['
sequence='\x1b[<'
sequence='\x1b[<3'
sequence='\x1b[<35'
sequence='\x1b[<35;'
sequence='\x1b[<35;4'
sequence='\x1b[<35;47'
sequence='\x1b[<35;470'
sequence='\x1b[<35;470;'
sequence='\x1b[<35;470;5'
sequence='\x1b[<35;470;59'
sequence='\x1b[<35;470;593'
sequence='\x1b[<35;470;593M'
MouseMove(None, x=42, y=22, pointer_x=42.63636363636363, pointer_y=22.76923076923077, delta_x=2, delta_y=-2)
character='\x1b'
sequence='\x1b['
sequence='\x1b[<'
sequence='\x1b[<3'
sequence='\x1b[<35'
sequence='\x1b[<35;'
sequence='\x1b[<35;4'
sequence='\x1b[<35;48'
sequence='\x1b[<35;484'
sequence='\x1b[<35;484;'
sequence='\x1b[<35;484;5'
sequence='\x1b[<35;484;56'
sequence='\x1b[<35;484;562'
sequence='\x1b[<35;484;562M'
MouseMove(None, x=43, y=21, pointer_x=43.90909090909091, pointer_y=21.576923076923077, delta_x=1, delta_y=-1)
character='\x1b'
sequence='\x1b['
sequence='\x1b[<'
sequence='\x1b[<3'
sequence='\x1b[<35'
sequence='\x1b[<35;'
sequence='\x1b[<35;4'
sequence='\x1b[<35;49'
sequence='\x1b[<35;492'
sequence='\x1b[<35;492;'
sequence='\x1b[<35;492;5'
sequence='\x1b[<35;492;54'
sequence='\x1b[<35;492;545'
sequence='\x1b[<35;492;545M'
MouseMove(None, x=44, y=20, pointer_x=44.63636363636363, pointer_y=20.923076923076923, delta_x=1, delta_y=-1)
character='\x1b'
sequence='\x1b['
sequence='\x1b[<'
sequence='\x1b[<3'
sequence='\x1b[<35'
sequence='\x1b[<35;'
sequence='\x1b[<35;4'
sequence='\x1b[<35;49'
sequence='\x1b[<35;497'
sequence='\x1b[<35;497;'
sequence='\x1b[<35;497;5'
sequence='\x1b[<35;497;53'
sequence='\x1b[<35;497;531'
sequence='\x1b[<35;497;531M'
MouseMove(None, x=45, y=20, pointer_x=45.09090909090909, pointer_y=20.384615384615383, delta_x=1)
character='\x1b'
sequence='\x1b['
sequence='\x1b[<'
sequence='\x1b[<3'
sequence='\x1b[<35'
sequence='\x1b[<35;'
sequence='\x1b[<35;5'
sequence='\x1b[<35;50'
sequence='\x1b[<35;501'
sequence='\x1b[<35;501;'
sequence='\x1b[<35;501;5'
sequence='\x1b[<35;501;51'
sequence='\x1b[<35;501;518'
sequence='\x1b[<35;501;518M'
MouseMove(None, x=45, y=19, pointer_x=45.45454545454545, pointer_y=19.884615384615383, delta_y=-1)
character='\x1b'
sequence='\x1b['
sequence='\x1b[<'
sequence='\x1b[<3'
sequence='\x1b[<35'
sequence='\x1b[<35;'
sequence='\x1b[<35;5'
sequence='\x1b[<35;50'
sequence='\x1b[<35;504'
sequence='\x1b[<35;504;'
sequence='\x1b[<35;504;5'
sequence='\x1b[<35;504;50'
sequence='\x1b[<35;504;508'
sequence='\x1b[<35;504;508M'
MouseMove(None, x=45, y=19, pointer_x=45.72727272727273, pointer_y=19.5)
character='\x1b'
sequence='\x1b['
sequence='\x1b[<'
sequence='\x1b[<3'
sequence='\x1b[<35'
sequence='\x1b[<35;'
sequence='\x1b[<35;5'
sequence='\x1b[<35;50'
sequence='\x1b[<35;506'
sequence='\x1b[<35;506;'
sequence='\x1b[<35;506;5'
sequence='\x1b[<35;506;50'
sequence='\x1b[<35;506;500'
sequence='\x1b[<35;506;500M'
MouseMove(None, x=45, y=19, pointer_x=45.90909090909091, pointer_y=19.192307692307693)
character='\x1b'
sequence='\x1b['
sequence='\x1b[<'
sequence='\x1b[<3'
sequence='\x1b[<35'
sequence='\x1b[<35;'
sequence='\x1b[<35;5'
sequence='\x1b[<35;50'
sequence='\x1b[<35;509'
sequence='\x1b[<35;509;'
sequence='\x1b[<35;509;4'
sequence='\x1b[<35;509;49'
sequence='\x1b[<35;509;492'
sequence='\x1b[<35;509;492M'
MouseMove(None, x=46, y=18, pointer_x=46.18181818181818, pointer_y=18.884615384615383, delta_x=1, delta_y=-1)
character='\x1b'
sequence='\x1b['
sequence='\x1b[<'
sequence='\x1b[<3'
sequence='\x1b[<35'
sequence='\x1b[<35;'
sequence='\x1b[<35;5'
sequence='\x1b[<35;51'
sequence='\x1b[<35;511'
sequence='\x1b[<35;511;'
sequence='\x1b[<35;511;4'
sequence='\x1b[<35;511;48'
sequence='\x1b[<35;511;485'
sequence='\x1b[<35;511;485M'
MouseMove(None, x=46, y=18, pointer_x=46.36363636363637, pointer_y=18.615384615384617)
character='\x1b'
sequence='\x1b['
sequence='\x1b[<'
sequence='\x1b[<3'
sequence='\x1b[<35'
sequence='\x1b[<35;'
sequence='\x1b[<35;5'
sequence='\x1b[<35;51'
sequence='\x1b[<35;513'
sequence='\x1b[<35;513;'
sequence='\x1b[<35;513;4'
sequence='\x1b[<35;513;48'
sequence='\x1b[<35;513;481'
sequence='\x1b[<35;513;481M'
MouseMove(None, x=46, y=18, pointer_x=46.54545454545455, pointer_y=18.46153846153846)
character='\x1b'
sequence='\x1b['
sequence='\x1b[<'
sequence='\x1b[<3'
sequence='\x1b[<35'
sequence='\x1b[<35;'
sequence='\x1b[<35;5'
sequence='\x1b[<35;51'
sequence='\x1b[<35;515'
sequence='\x1b[<35;515;'
sequence='\x1b[<35;515;4'
sequence='\x1b[<35;515;47'
sequence='\x1b[<35;515;479'
sequence='\x1b[<35;515;479M'
MouseMove(None, x=46, y=18, pointer_x=46.72727272727273, pointer_y=18.384615384615383)
character='\x1b'
sequence='\x1b['
sequence='\x1b[<'
sequence='\x1b[<3'
sequence='\x1b[<35'
sequence='\x1b[<35;'
sequence='\x1b[<35;5'
sequence='\x1b[<35;51'
sequence='\x1b[<35;516'
sequence='\x1b[<35;516;'
sequence='\x1b[<35;516;4'
sequence='\x1b[<35;516;47'
sequence='\x1b[<35;516;477'
sequence='\x1b[<35;516;477M'
MouseMove(None, x=46, y=18, pointer_x=46.81818181818182, pointer_y=18.307692307692307)
FEED '\x1b[<64;516;477M'
character='\x1b'
sequence='\x1b['
sequence='\x1b[<'
sequence='\x1b[<6'
sequence='\x1b[<64'
sequence='\x1b[<64;'
sequence='\x1b[<64;5'
sequence='\x1b[<64;51'
sequence='\x1b[<64;516'
sequence='\x1b[<64;516;'
sequence='\x1b[<64;516;4'
sequence='\x1b[<64;516;47'
sequence='\x1b[<64;516;477'
sequence='\x1b[<64;516;477M'
MouseScrollUp(None, x=46, y=18, pointer_x=46.81818181818182, pointer_y=18.307692307692307)
FEED '\x1b[<64;516;477M'
character='\x1b'
sequence='\x1b['
sequence='\x1b[<'
sequence='\x1b[<6'
sequence='\x1b[<64'
sequence='\x1b[<64;'
sequence='\x1b[<64;5'
sequence='\x1b[<64;51'
sequence='\x1b[<64;516'
sequence='\x1b[<64;516;'
sequence='\x1b[<64;516;4'
sequence='\x1b[<64;516;47'
sequence='\x1b[<64;516;477'
sequence='\x1b[<64;516;477M'
MouseScrollUp(None, x=46, y=18, pointer_x=46.81818181818182, pointer_y=18.307692307692307)
FEED '\x1b[<35;519;471M'
character='\x1b'
sequence='\x1b['
sequence='\x1b[<'
sequence='\x1b[<3'
sequence='\x1b[<35'
sequence='\x1b[<35;'
sequence='\x1b[<35;5'
sequence='\x1b[<35;51'
sequence='\x1b[<35;519'
sequence='\x1b[<35;519;'
sequence='\x1b[<35;519;4'
sequence='\x1b[<35;519;47'
sequence='\x1b[<35;519;471'
sequence='\x1b[<35;519;471M'
MouseMove(None, x=47, y=18, pointer_x=47.09090909090909, pointer_y=18.076923076923077, delta_x=1)
FEED '\x1b[<35;522;463M\x1b[<35;527;449M\x1b[<65;527;449M\x1b[<65;527;449M\x1b[<65;527;449M\x1b[<65;527;449M'
character='\x1b'
sequence='\x1b['
sequence='\x1b[<'
sequence='\x1b[<3'
sequence='\x1b[<35'
sequence='\x1b[<35;'
sequence='\x1b[<35;5'
sequence='\x1b[<35;52'
sequence='\x1b[<35;522'
sequence='\x1b[<35;522;'
sequence='\x1b[<35;522;4'
sequence='\x1b[<35;522;46'
sequence='\x1b[<35;522;463'
sequence='\x1b[<35;522;463M'
MouseMove(None, x=47, y=17, pointer_x=47.36363636363637, pointer_y=17.76923076923077, delta_y=-1)
character='\x1b'
sequence='\x1b['
sequence='\x1b[<'
sequence='\x1b[<3'
sequence='\x1b[<35'
sequence='\x1b[<35;'
sequence='\x1b[<35;5'
sequence='\x1b[<35;52'
sequence='\x1b[<35;527'
sequence='\x1b[<35;527;'
sequence='\x1b[<35;527;4'
sequence='\x1b[<35;527;44'
sequence='\x1b[<35;527;449'
sequence='\x1b[<35;527;449M'
MouseMove(None, x=47, y=17, pointer_x=47.81818181818182, pointer_y=17.23076923076923)
character='\x1b'
sequence='\x1b['
sequence='\x1b[<'
sequence='\x1b[<6'
sequence='\x1b[<65'
sequence='\x1b[<65;'
sequence='\x1b[<65;5'
sequence='\x1b[<65;52'
sequence='\x1b[<65;527'
sequence='\x1b[<65;527;'
sequence='\x1b[<65;527;4'
sequence='\x1b[<65;527;44'
sequence='\x1b[<65;527;449'
sequence='\x1b[<65;527;449M'
MouseScrollDown(None, x=47, y=17, pointer_x=47.81818181818182, pointer_y=17.23076923076923)
character='\x1b'
sequence='\x1b['
sequence='\x1b[<'
sequence='\x1b[<6'
sequence='\x1b[<65'
sequence='\x1b[<65;'
sequence='\x1b[<65;5'
sequence='\x1b[<65;52'
sequence='\x1b[<65;527'
sequence='\x1b[<65;527;'
sequence='\x1b[<65;527;4'
sequence='\x1b[<65;527;44'
sequence='\x1b[<65;527;449'
sequence='\x1b[<65;527;449M'
MouseScrollDown(None, x=47, y=17, pointer_x=47.81818181818182, pointer_y=17.23076923076923)
character='\x1b'
sequence='\x1b['
sequence='\x1b[<'
sequence='\x1b[<6'
sequence='\x1b[<65'
sequence='\x1b[<65;'
sequence='\x1b[<65;5'
sequence='\x1b[<65;52'
sequence='\x1b[<65;527'
sequence='\x1b[<65;527;'
sequence='\x1b[<65;527;4'
sequence='\x1b[<65;527;44'
sequence='\x1b[<65;527;449'
sequence='\x1b[<65;527;449M'
MouseScrollDown(None, x=47, y=17, pointer_x=47.81818181818182, pointer_y=17.23076923076923)
character='\x1b'
sequence='\x1b['
sequence='\x1b[<'
sequence='\x1b[<6'
sequence='\x1b[<65'
sequence='\x1b[<65;'
sequence='\x1b[<65;5'
sequence='\x1b[<65;52'
sequence='\x1b[<65;527'
sequence='\x1b[<65;527;'
sequence='\x1b[<65;527;4'
sequence='\x1b[<65;527;44'
sequence='\x1b[<65;527;449'
sequence='\x1b[<65;527;449M'
MouseScrollDown(None, x=47, y=17, pointer_x=47.81818181818182, pointer_y=17.23076923076923)
FEED '\x1b[<0;527;449M'
character='\x1b'
sequence='\x1b['
sequence='\x1b[<'
sequence='\x1b[<0'
sequence='\x1b[<0;'
sequence='\x1b[<0;5'
sequence='\x1b[<0;52'
sequence='\x1b[<0;527'
sequence='\x1b[<0;527;'
sequence='\x1b[<0;527;4'
sequence='\x1b[<0;527;44'
sequence='\x1b[<0;527;449'
sequence='\x1b[<0;527;449M'
MouseDown(None, x=47, y=17, pointer_x=47.81818181818182, pointer_y=17.23076923076923, button=1)
FEED '\x1b[<0;527;449m'
character='\x1b'
sequence='\x1b['
sequence='\x1b[<'
sequence='\x1b[<0'
sequence='\x1b[<0;'
sequence='\x1b[<0;5'
sequence='\x1b[<0;52'
sequence='\x1b[<0;527'
sequence='\x1b[<0;527;'
sequence='\x1b[<0;527;4'
sequence='\x1b[<0;527;44'
sequence='\x1b[<0;527;449'
sequence='\x1b[<0;527;449m'
MouseUp(None, x=47, y=17, pointer_x=47.81818181818182, pointer_y=17.23076923076923, button=1)
FEED ''
